f:\projects\fruit\proj.win32\debug.win32\vc120.pdb
f:\projects\fruit\proj.win32\debug.win32\vc120.idb
f:\projects\fruit\proj.win32\debug.win32\appdelegate.obj
f:\projects\fruit\proj.win32\debug.win32\gamescene.obj
f:\projects\fruit\proj.win32\debug.win32\player.obj
f:\projects\fruit\proj.win32\debug.win32\poker.obj
f:\projects\fruit\proj.win32\debug.win32\tool.obj
f:\projects\fruit\proj.win32\debug.win32\cutcutcut.res
f:\projects\fruit\proj.win32\debug.win32\cutcutcut.pdb
f:\projects\fruit\proj.win32\debug.win32\cutcutcut.tlog\cl.command.1.tlog
f:\projects\fruit\proj.win32\debug.win32\cutcutcut.tlog\cl.read.1.tlog
f:\projects\fruit\proj.win32\debug.win32\cutcutcut.tlog\cl.write.1.tlog
f:\projects\fruit\proj.win32\debug.win32\cutcutcut.tlog\link-cvtres.read.1.tlog
f:\projects\fruit\proj.win32\debug.win32\cutcutcut.tlog\link-cvtres.write.1.tlog
f:\projects\fruit\proj.win32\debug.win32\cutcutcut.tlog\link-rc.read.1.tlog
f:\projects\fruit\proj.win32\debug.win32\cutcutcut.tlog\link-rc.write.1.tlog
f:\projects\fruit\proj.win32\debug.win32\cutcutcut.tlog\link.command.1.tlog
f:\projects\fruit\proj.win32\debug.win32\cutcutcut.tlog\link.read.1.tlog
f:\projects\fruit\proj.win32\debug.win32\cutcutcut.tlog\link.write.1.tlog
f:\projects\fruit\proj.win32\debug.win32\cutcutcut.tlog\rc.command.1.tlog
f:\projects\fruit\proj.win32\debug.win32\cutcutcut.tlog\rc.read.1.tlog
f:\projects\fruit\proj.win32\debug.win32\cutcutcut.tlog\rc.write.1.tlog
